<?xml version="1.0" encoding="UTF-8"?>
<testng-results skipped="0" failed="1" ignored="0" total="6" passed="5">
  <reporter-output>
  </reporter-output>
  <suite name="Mercury Tours Flight booking App Test Automation Test Suite" duration-ms="75466" started-at="2018-09-22T22:43:07Z" finished-at="2018-09-22T22:44:22Z">
    <groups>
    </groups>
    <test name="Mercury Tours Flight booking App" duration-ms="75466" started-at="2018-09-22T22:43:07Z" finished-at="2018-09-22T22:44:22Z">
      <class name="com.crm.qa.testcases.LoginPageTest">
        <test-method status="PASS" signature="setUp()[pri:0, instance:com.crm.qa.testcases.LoginPageTest@6fd02e5]" name="setUp" is-config="true" duration-ms="6319" started-at="2018-09-22T23:43:07Z" finished-at="2018-09-22T23:43:14Z">
          <reporter-output>
          </reporter-output>
        </test-method> <!-- setUp -->
        <test-method status="PASS" signature="loginPageTitleTest()[pri:1, instance:com.crm.qa.testcases.LoginPageTest@6fd02e5]" name="loginPageTitleTest" duration-ms="2517" started-at="2018-09-22T23:43:14Z" finished-at="2018-09-22T23:43:16Z">
          <reporter-output>
          </reporter-output>
        </test-method> <!-- loginPageTitleTest -->
        <test-method status="PASS" signature="tearDown()[pri:0, instance:com.crm.qa.testcases.LoginPageTest@6fd02e5]" name="tearDown" is-config="true" duration-ms="687" started-at="2018-09-22T23:43:17Z" finished-at="2018-09-22T23:43:17Z">
          <reporter-output>
          </reporter-output>
        </test-method> <!-- tearDown -->
        <test-method status="PASS" signature="setUp()[pri:0, instance:com.crm.qa.testcases.LoginPageTest@6fd02e5]" name="setUp" is-config="true" duration-ms="4770" started-at="2018-09-22T23:43:17Z" finished-at="2018-09-22T23:43:22Z">
          <reporter-output>
          </reporter-output>
        </test-method> <!-- setUp -->
        <test-method status="PASS" signature="loginTestIncorrectPwd()[pri:2, instance:com.crm.qa.testcases.LoginPageTest@6fd02e5]" name="loginTestIncorrectPwd" duration-ms="2121" started-at="2018-09-22T23:43:22Z" finished-at="2018-09-22T23:43:24Z">
          <reporter-output>
          </reporter-output>
        </test-method> <!-- loginTestIncorrectPwd -->
        <test-method status="PASS" signature="tearDown()[pri:0, instance:com.crm.qa.testcases.LoginPageTest@6fd02e5]" name="tearDown" is-config="true" duration-ms="797" started-at="2018-09-22T23:43:25Z" finished-at="2018-09-22T23:43:26Z">
          <reporter-output>
          </reporter-output>
        </test-method> <!-- tearDown -->
        <test-method status="PASS" signature="setUp()[pri:0, instance:com.crm.qa.testcases.LoginPageTest@6fd02e5]" name="setUp" is-config="true" duration-ms="4933" started-at="2018-09-22T23:43:27Z" finished-at="2018-09-22T23:43:32Z">
          <reporter-output>
          </reporter-output>
        </test-method> <!-- setUp -->
        <test-method status="PASS" signature="loginAndMakeFlightBookings(com.crm.qa.models.LoginTestModel)[pri:3, instance:com.crm.qa.testcases.LoginPageTest@6fd02e5]" name="loginAndMakeFlightBookings" duration-ms="8253" started-at="2018-09-22T23:43:32Z" data-provider="getCRMTestData" finished-at="2018-09-22T23:43:40Z">
          <params>
            <param index="0">
              <value>
                <![CDATA[com.crm.qa.models.LoginTestModel@4c37b5b]]>
              </value>
            </param>
          </params>
          <reporter-output>
          </reporter-output>
        </test-method> <!-- loginAndMakeFlightBookings -->
        <test-method status="PASS" signature="tearDown()[pri:0, instance:com.crm.qa.testcases.LoginPageTest@6fd02e5]" name="tearDown" is-config="true" duration-ms="744" started-at="2018-09-22T23:43:41Z" finished-at="2018-09-22T23:43:42Z">
          <reporter-output>
          </reporter-output>
        </test-method> <!-- tearDown -->
        <test-method status="PASS" signature="setUp()[pri:0, instance:com.crm.qa.testcases.LoginPageTest@6fd02e5]" name="setUp" is-config="true" duration-ms="4809" started-at="2018-09-22T23:43:42Z" finished-at="2018-09-22T23:43:47Z">
          <reporter-output>
          </reporter-output>
        </test-method> <!-- setUp -->
        <test-method status="PASS" signature="loginAndMakeFlightBookings(com.crm.qa.models.LoginTestModel)[pri:3, instance:com.crm.qa.testcases.LoginPageTest@6fd02e5]" name="loginAndMakeFlightBookings" duration-ms="8995" started-at="2018-09-22T23:43:47Z" data-provider="getCRMTestData" finished-at="2018-09-22T23:43:56Z">
          <params>
            <param index="0">
              <value>
                <![CDATA[com.crm.qa.models.LoginTestModel@553f1d75]]>
              </value>
            </param>
          </params>
          <reporter-output>
          </reporter-output>
        </test-method> <!-- loginAndMakeFlightBookings -->
        <test-method status="PASS" signature="tearDown()[pri:0, instance:com.crm.qa.testcases.LoginPageTest@6fd02e5]" name="tearDown" is-config="true" duration-ms="848" started-at="2018-09-22T23:43:56Z" finished-at="2018-09-22T23:43:57Z">
          <reporter-output>
          </reporter-output>
        </test-method> <!-- tearDown -->
        <test-method status="PASS" signature="setUp()[pri:0, instance:com.crm.qa.testcases.LoginPageTest@6fd02e5]" name="setUp" is-config="true" duration-ms="5011" started-at="2018-09-22T23:43:57Z" finished-at="2018-09-22T23:44:02Z">
          <reporter-output>
          </reporter-output>
        </test-method> <!-- setUp -->
        <test-method status="PASS" signature="loginAndMakeFlightBookings(com.crm.qa.models.LoginTestModel)[pri:3, instance:com.crm.qa.testcases.LoginPageTest@6fd02e5]" name="loginAndMakeFlightBookings" duration-ms="8119" started-at="2018-09-22T23:44:02Z" data-provider="getCRMTestData" finished-at="2018-09-22T23:44:10Z">
          <params>
            <param index="0">
              <value>
                <![CDATA[com.crm.qa.models.LoginTestModel@5ed731d0]]>
              </value>
            </param>
          </params>
          <reporter-output>
          </reporter-output>
        </test-method> <!-- loginAndMakeFlightBookings -->
        <test-method status="PASS" signature="tearDown()[pri:0, instance:com.crm.qa.testcases.LoginPageTest@6fd02e5]" name="tearDown" is-config="true" duration-ms="715" started-at="2018-09-22T23:44:11Z" finished-at="2018-09-22T23:44:11Z">
          <reporter-output>
          </reporter-output>
        </test-method> <!-- tearDown -->
        <test-method status="PASS" signature="setUp()[pri:0, instance:com.crm.qa.testcases.LoginPageTest@6fd02e5]" name="setUp" is-config="true" duration-ms="4803" started-at="2018-09-22T23:44:11Z" finished-at="2018-09-22T23:44:16Z">
          <reporter-output>
          </reporter-output>
        </test-method> <!-- setUp -->
        <test-method status="FAIL" signature="returnDateLesserThanDepartureDate(com.crm.qa.models.LoginTestModel)[pri:4, instance:com.crm.qa.testcases.LoginPageTest@6fd02e5]" name="returnDateLesserThanDepartureDate" duration-ms="5200" started-at="2018-09-22T23:44:16Z" data-provider="getMismatchData" finished-at="2018-09-22T23:44:21Z">
          <params>
            <param index="0">
              <value>
                <![CDATA[com.crm.qa.models.LoginTestModel@5ed731d0]]>
              </value>
            </param>
          </params>
          <exception class="java.lang.AssertionError">
            <message>
              <![CDATA[Select Flight page is not diaplayed expected [false] but found [true]]]>
            </message>
            <full-stacktrace>
              <![CDATA[java.lang.AssertionError: Select Flight page is not diaplayed expected [false] but found [true]
	at org.testng.Assert.fail(Assert.java:93)
	at org.testng.Assert.failNotEquals(Assert.java:512)
	at org.testng.Assert.assertFalse(Assert.java:62)
	at com.crm.qa.pages.FlightFinderPage.goToFlightPage(FlightFinderPage.java:145)
	at com.crm.qa.testcases.LoginPageTest.returnDateLesserThanDepartureDate(LoginPageTest.java:123)
	at sun.reflect.NativeMethodAccessorImpl.invoke0(Native Method)
	at sun.reflect.NativeMethodAccessorImpl.invoke(Unknown Source)
	at sun.reflect.DelegatingMethodAccessorImpl.invoke(Unknown Source)
	at java.lang.reflect.Method.invoke(Unknown Source)
	at org.testng.internal.MethodInvocationHelper.invokeMethod(MethodInvocationHelper.java:108)
	at org.testng.internal.Invoker.invokeMethod(Invoker.java:661)
	at org.testng.internal.Invoker.invokeTestMethod(Invoker.java:869)
	at org.testng.internal.Invoker.invokeTestMethods(Invoker.java:1193)
	at org.testng.internal.TestMethodWorker.invokeTestMethods(TestMethodWorker.java:126)
	at org.testng.internal.TestMethodWorker.run(TestMethodWorker.java:109)
	at org.testng.TestRunner.privateRun(TestRunner.java:744)
	at org.testng.TestRunner.run(TestRunner.java:602)
	at org.testng.SuiteRunner.runTest(SuiteRunner.java:380)
	at org.testng.SuiteRunner.runSequentially(SuiteRunner.java:375)
	at org.testng.SuiteRunner.privateRun(SuiteRunner.java:340)
	at org.testng.SuiteRunner.run(SuiteRunner.java:289)
	at org.testng.SuiteRunnerWorker.runSuite(SuiteRunnerWorker.java:52)
	at org.testng.SuiteRunnerWorker.run(SuiteRunnerWorker.java:86)
	at org.testng.TestNG.runSuitesSequentially(TestNG.java:1301)
	at org.testng.TestNG.runSuitesLocally(TestNG.java:1226)
	at org.testng.TestNG.runSuites(TestNG.java:1144)
	at org.testng.TestNG.run(TestNG.java:1115)
	at org.testng.remote.AbstractRemoteTestNG.run(AbstractRemoteTestNG.java:114)
	at org.testng.remote.RemoteTestNG.initAndRun(RemoteTestNG.java:251)
	at org.testng.remote.RemoteTestNG.main(RemoteTestNG.java:77)
]]>
            </full-stacktrace>
          </exception> <!-- java.lang.AssertionError -->
          <reporter-output>
          </reporter-output>
        </test-method> <!-- returnDateLesserThanDepartureDate -->
        <test-method status="PASS" signature="tearDown()[pri:0, instance:com.crm.qa.testcases.LoginPageTest@6fd02e5]" name="tearDown" is-config="true" duration-ms="640" started-at="2018-09-22T23:44:22Z" finished-at="2018-09-22T23:44:22Z">
          <reporter-output>
          </reporter-output>
        </test-method> <!-- tearDown -->
      </class> <!-- com.crm.qa.testcases.LoginPageTest -->
    </test> <!-- Mercury Tours Flight booking App -->
  </suite> <!-- Mercury Tours Flight booking App Test Automation Test Suite -->
</testng-results>
