<?xml version="1.0" encoding="UTF-8"?>
<!-- Generated by org.testng.reporters.JUnitXMLReporter -->
<testsuite hostname="user-PC" ignored="0" name="Mercury Tours Flight booking App" tests="4" failures="1" timestamp="21 Sep 2018 22:12:03 GMT" time="60.774" errors="0">
  <testcase name="validateCreateNewContact" time="7.6" classname="com.crm.qa.testcases.LoginPageTest"/>
  <testcase name="validateCreateNewContact" time="7.621" classname="com.crm.qa.testcases.LoginPageTest"/>
  <testcase name="validateCreateNewContact" time="8.485" classname="com.crm.qa.testcases.LoginPageTest"/>
  <testcase name="returnDateMismatch" time="6.005" classname="com.crm.qa.testcases.LoginPageTest">
    <failure type="java.lang.AssertionError" message="Select Flight page is not diaplayed expected [false] but found [true]">
      <![CDATA[java.lang.AssertionError: Select Flight page is not diaplayed expected [false] but found [true]
	at com.crm.qa.pages.FlightFinderPage.goToFlightPage(FlightFinderPage.java:107)
	at com.crm.qa.testcases.LoginPageTest.returnDateMismatch(LoginPageTest.java:80)
... Removed 28 stack frames]]>
    </failure>
  </testcase> <!-- returnDateMismatch -->
</testsuite> <!-- Mercury Tours Flight booking App -->
