<?xml version="1.0" encoding="UTF-8"?>
<!-- Generated by org.testng.reporters.JUnitXMLReporter -->
<testsuite hostname="user-PC" ignored="0" name="Mercury Tours Flight booking App" tests="6" failures="1" timestamp="22 Sep 2018 20:24:48 GMT" time="79.342" errors="0">
  <testcase name="loginPageTitleTest" time="2.476" classname="com.crm.qa.testcases.LoginPageTest"/>
  <testcase name="loginTestIncorrectPwd" time="2.149" classname="com.crm.qa.testcases.LoginPageTest"/>
  <testcase name="validateCreateNewContact" time="9.328" classname="com.crm.qa.testcases.LoginPageTest"/>
  <testcase name="validateCreateNewContact" time="8.705" classname="com.crm.qa.testcases.LoginPageTest"/>
  <testcase name="validateCreateNewContact" time="9.244" classname="com.crm.qa.testcases.LoginPageTest"/>
  <testcase name="returnDateMismatch" time="6.097" classname="com.crm.qa.testcases.LoginPageTest">
    <failure type="java.lang.AssertionError" message="Select Flight page is not diaplayed expected [false] but found [true]">
      <![CDATA[java.lang.AssertionError: Select Flight page is not diaplayed expected [false] but found [true]
	at com.crm.qa.pages.FlightFinderPage.goToFlightPage(FlightFinderPage.java:107)
	at com.crm.qa.testcases.LoginPageTest.returnDateMismatch(LoginPageTest.java:83)
... Removed 28 stack frames]]>
    </failure>
  </testcase> <!-- returnDateMismatch -->
</testsuite> <!-- Mercury Tours Flight booking App -->
